Created by PLY version 3.4 (http://www.dabeaz.com/ply)

Unused terminals:

    LBRACE
    EXCLAMATION
    DOLLAR
    NOT
    MOD
    SEMI
    GREATER
    PERIOD
    OR
    QUESTION
    BACKSLASH
    LBRACKET
    VARIABLE
    RBRACKET
    LESS
    COLON
    AND
    EQUALS
    COMMA
    RBRACE
    POWER
    COMMENT

Grammar

Rule 0     S' -> expression
Rule 1     expression -> NUMBER
Rule 2     expression -> MINUS NUMBER
Rule 3     expression -> LPAREN expression RPAREN
Rule 4     expression -> expression PLUS expression
Rule 5     expression -> expression MINUS expression
Rule 6     expression -> expression TIMES expression
Rule 7     expression -> expression DIVIDE expression

Terminals, with rules where they appear

AND                  : 
BACKSLASH            : 
COLON                : 
COMMA                : 
COMMENT              : 
DIVIDE               : 7
DOLLAR               : 
EQUALS               : 
EXCLAMATION          : 
GREATER              : 
LBRACE               : 
LBRACKET             : 
LESS                 : 
LPAREN               : 3
MINUS                : 2 5
MOD                  : 
NOT                  : 
NUMBER               : 1 2
OR                   : 
PERIOD               : 
PLUS                 : 4
POWER                : 
QUESTION             : 
RBRACE               : 
RBRACKET             : 
RPAREN               : 3
SEMI                 : 
TIMES                : 6
VARIABLE             : 
error                : 

Nonterminals, with rules where they appear

expression           : 3 4 4 5 5 6 6 7 7 0

Parsing method: LALR

state 0

    (0) S' -> . expression
    (1) expression -> . NUMBER
    (2) expression -> . MINUS NUMBER
    (3) expression -> . LPAREN expression RPAREN
    (4) expression -> . expression PLUS expression
    (5) expression -> . expression MINUS expression
    (6) expression -> . expression TIMES expression
    (7) expression -> . expression DIVIDE expression

    NUMBER          shift and go to state 4
    MINUS           shift and go to state 3
    LPAREN          shift and go to state 2

    expression                     shift and go to state 1

state 1

    (0) S' -> expression .
    (4) expression -> expression . PLUS expression
    (5) expression -> expression . MINUS expression
    (6) expression -> expression . TIMES expression
    (7) expression -> expression . DIVIDE expression

    PLUS            shift and go to state 6
    MINUS           shift and go to state 8
    TIMES           shift and go to state 7
    DIVIDE          shift and go to state 5


state 2

    (3) expression -> LPAREN . expression RPAREN
    (1) expression -> . NUMBER
    (2) expression -> . MINUS NUMBER
    (3) expression -> . LPAREN expression RPAREN
    (4) expression -> . expression PLUS expression
    (5) expression -> . expression MINUS expression
    (6) expression -> . expression TIMES expression
    (7) expression -> . expression DIVIDE expression

    NUMBER          shift and go to state 4
    MINUS           shift and go to state 3
    LPAREN          shift and go to state 2

    expression                     shift and go to state 9

state 3

    (2) expression -> MINUS . NUMBER

    NUMBER          shift and go to state 10


state 4

    (1) expression -> NUMBER .

    PLUS            reduce using rule 1 (expression -> NUMBER .)
    MINUS           reduce using rule 1 (expression -> NUMBER .)
    TIMES           reduce using rule 1 (expression -> NUMBER .)
    DIVIDE          reduce using rule 1 (expression -> NUMBER .)
    $end            reduce using rule 1 (expression -> NUMBER .)
    RPAREN          reduce using rule 1 (expression -> NUMBER .)


state 5

    (7) expression -> expression DIVIDE . expression
    (1) expression -> . NUMBER
    (2) expression -> . MINUS NUMBER
    (3) expression -> . LPAREN expression RPAREN
    (4) expression -> . expression PLUS expression
    (5) expression -> . expression MINUS expression
    (6) expression -> . expression TIMES expression
    (7) expression -> . expression DIVIDE expression

    NUMBER          shift and go to state 4
    MINUS           shift and go to state 3
    LPAREN          shift and go to state 2

    expression                     shift and go to state 11

state 6

    (4) expression -> expression PLUS . expression
    (1) expression -> . NUMBER
    (2) expression -> . MINUS NUMBER
    (3) expression -> . LPAREN expression RPAREN
    (4) expression -> . expression PLUS expression
    (5) expression -> . expression MINUS expression
    (6) expression -> . expression TIMES expression
    (7) expression -> . expression DIVIDE expression

    NUMBER          shift and go to state 4
    MINUS           shift and go to state 3
    LPAREN          shift and go to state 2

    expression                     shift and go to state 12

state 7

    (6) expression -> expression TIMES . expression
    (1) expression -> . NUMBER
    (2) expression -> . MINUS NUMBER
    (3) expression -> . LPAREN expression RPAREN
    (4) expression -> . expression PLUS expression
    (5) expression -> . expression MINUS expression
    (6) expression -> . expression TIMES expression
    (7) expression -> . expression DIVIDE expression

    NUMBER          shift and go to state 4
    MINUS           shift and go to state 3
    LPAREN          shift and go to state 2

    expression                     shift and go to state 13

state 8

    (5) expression -> expression MINUS . expression
    (1) expression -> . NUMBER
    (2) expression -> . MINUS NUMBER
    (3) expression -> . LPAREN expression RPAREN
    (4) expression -> . expression PLUS expression
    (5) expression -> . expression MINUS expression
    (6) expression -> . expression TIMES expression
    (7) expression -> . expression DIVIDE expression

    NUMBER          shift and go to state 4
    MINUS           shift and go to state 3
    LPAREN          shift and go to state 2

    expression                     shift and go to state 14

state 9

    (3) expression -> LPAREN expression . RPAREN
    (4) expression -> expression . PLUS expression
    (5) expression -> expression . MINUS expression
    (6) expression -> expression . TIMES expression
    (7) expression -> expression . DIVIDE expression

    RPAREN          shift and go to state 15
    PLUS            shift and go to state 6
    MINUS           shift and go to state 8
    TIMES           shift and go to state 7
    DIVIDE          shift and go to state 5


state 10

    (2) expression -> MINUS NUMBER .

    PLUS            reduce using rule 2 (expression -> MINUS NUMBER .)
    MINUS           reduce using rule 2 (expression -> MINUS NUMBER .)
    TIMES           reduce using rule 2 (expression -> MINUS NUMBER .)
    DIVIDE          reduce using rule 2 (expression -> MINUS NUMBER .)
    $end            reduce using rule 2 (expression -> MINUS NUMBER .)
    RPAREN          reduce using rule 2 (expression -> MINUS NUMBER .)


state 11

    (7) expression -> expression DIVIDE expression .
    (4) expression -> expression . PLUS expression
    (5) expression -> expression . MINUS expression
    (6) expression -> expression . TIMES expression
    (7) expression -> expression . DIVIDE expression

    PLUS            reduce using rule 7 (expression -> expression DIVIDE expression .)
    MINUS           reduce using rule 7 (expression -> expression DIVIDE expression .)
    TIMES           reduce using rule 7 (expression -> expression DIVIDE expression .)
    DIVIDE          reduce using rule 7 (expression -> expression DIVIDE expression .)
    $end            reduce using rule 7 (expression -> expression DIVIDE expression .)
    RPAREN          reduce using rule 7 (expression -> expression DIVIDE expression .)

  ! PLUS            [ shift and go to state 6 ]
  ! MINUS           [ shift and go to state 8 ]
  ! TIMES           [ shift and go to state 7 ]
  ! DIVIDE          [ shift and go to state 5 ]


state 12

    (4) expression -> expression PLUS expression .
    (4) expression -> expression . PLUS expression
    (5) expression -> expression . MINUS expression
    (6) expression -> expression . TIMES expression
    (7) expression -> expression . DIVIDE expression

    PLUS            reduce using rule 4 (expression -> expression PLUS expression .)
    MINUS           reduce using rule 4 (expression -> expression PLUS expression .)
    $end            reduce using rule 4 (expression -> expression PLUS expression .)
    RPAREN          reduce using rule 4 (expression -> expression PLUS expression .)
    TIMES           shift and go to state 7
    DIVIDE          shift and go to state 5

  ! TIMES           [ reduce using rule 4 (expression -> expression PLUS expression .) ]
  ! DIVIDE          [ reduce using rule 4 (expression -> expression PLUS expression .) ]
  ! PLUS            [ shift and go to state 6 ]
  ! MINUS           [ shift and go to state 8 ]


state 13

    (6) expression -> expression TIMES expression .
    (4) expression -> expression . PLUS expression
    (5) expression -> expression . MINUS expression
    (6) expression -> expression . TIMES expression
    (7) expression -> expression . DIVIDE expression

    PLUS            reduce using rule 6 (expression -> expression TIMES expression .)
    MINUS           reduce using rule 6 (expression -> expression TIMES expression .)
    TIMES           reduce using rule 6 (expression -> expression TIMES expression .)
    DIVIDE          reduce using rule 6 (expression -> expression TIMES expression .)
    $end            reduce using rule 6 (expression -> expression TIMES expression .)
    RPAREN          reduce using rule 6 (expression -> expression TIMES expression .)

  ! PLUS            [ shift and go to state 6 ]
  ! MINUS           [ shift and go to state 8 ]
  ! TIMES           [ shift and go to state 7 ]
  ! DIVIDE          [ shift and go to state 5 ]


state 14

    (5) expression -> expression MINUS expression .
    (4) expression -> expression . PLUS expression
    (5) expression -> expression . MINUS expression
    (6) expression -> expression . TIMES expression
    (7) expression -> expression . DIVIDE expression

    PLUS            reduce using rule 5 (expression -> expression MINUS expression .)
    MINUS           reduce using rule 5 (expression -> expression MINUS expression .)
    $end            reduce using rule 5 (expression -> expression MINUS expression .)
    RPAREN          reduce using rule 5 (expression -> expression MINUS expression .)
    TIMES           shift and go to state 7
    DIVIDE          shift and go to state 5

  ! TIMES           [ reduce using rule 5 (expression -> expression MINUS expression .) ]
  ! DIVIDE          [ reduce using rule 5 (expression -> expression MINUS expression .) ]
  ! PLUS            [ shift and go to state 6 ]
  ! MINUS           [ shift and go to state 8 ]


state 15

    (3) expression -> LPAREN expression RPAREN .

    PLUS            reduce using rule 3 (expression -> LPAREN expression RPAREN .)
    MINUS           reduce using rule 3 (expression -> LPAREN expression RPAREN .)
    TIMES           reduce using rule 3 (expression -> LPAREN expression RPAREN .)
    DIVIDE          reduce using rule 3 (expression -> LPAREN expression RPAREN .)
    $end            reduce using rule 3 (expression -> LPAREN expression RPAREN .)
    RPAREN          reduce using rule 3 (expression -> LPAREN expression RPAREN .)

